The system is: Windows - 10.0.17763 - AMD64
Compiling the C compiler identification source file "CMakeCCompilerId.c" succeeded.
Compiler: C:/Program Files (x86)/Microsoft Visual Studio/2017/Community/VC/Tools/MSVC/14.16.27023/bin/Hostx86/x86/cl.exe 
Build flags: 
Id flags:  

The output was:
0
Microsoft (R) C/C++ Optimizing Compiler Version 19.16.27026.1 for x86
Copyright (C) Microsoft Corporation.  All rights reserved.

CMakeCCompilerId.c
Microsoft (R) Incremental Linker Version 14.16.27026.1
Copyright (C) Microsoft Corporation.  All rights reserved.

/out:CMakeCCompilerId.exe 
CMakeCCompilerId.obj 


Compilation of the C compiler identification source "CMakeCCompilerId.c" produced "CMakeCCompilerId.exe"

Compilation of the C compiler identification source "CMakeCCompilerId.c" produced "CMakeCCompilerId.obj"

The C compiler identification is MSVC, found in "C:/Users/sdrum/CLionProjects/ramble/cmake-build-debug/CMakeFiles/3.13.2/CompilerIdC/CMakeCCompilerId.exe"

Determining if the C compiler works passed with the following output:
Change Dir: C:/Users/sdrum/CLionProjects/ramble/cmake-build-debug/CMakeFiles/CMakeTmp

Run Build Command:"nmake" "/nologo" "cmTC_2f604\fast"
	"C:\Program Files (x86)\Microsoft Visual Studio\2017\Community\VC\Tools\MSVC\14.16.27023\bin\HostX86\x86\nmake.exe" -f CMakeFiles\cmTC_2f604.dir\build.make /nologo -L                  CMakeFiles\cmTC_2f604.dir\build
Building C object CMakeFiles/cmTC_2f604.dir/testCCompiler.c.obj
	C:\PROGRA~2\MICROS~2\2017\COMMUN~1\VC\Tools\MSVC\1416~1.270\bin\Hostx86\x86\cl.exe @C:\Users\sdrum\AppData\Local\Temp\nmF36F.tmp
testCCompiler.c
Linking C executable cmTC_2f604.exe
	C:\Users\sdrum\AppData\Local\JetBrains\Toolbox\apps\CLion\ch-0\183.5429.37\bin\cmake\win\bin\cmake.exe -E vs_link_exe --intdir=CMakeFiles\cmTC_2f604.dir --manifests  -- C:\PROGRA~2\MICROS~2\2017\COMMUN~1\VC\Tools\MSVC\1416~1.270\bin\Hostx86\x86\link.exe /nologo @CMakeFiles\cmTC_2f604.dir\objects1.rsp @C:\Users\sdrum\AppData\Local\Temp\nmF4D7.tmp


Detecting C compiler ABI info compiled with the following output:
Change Dir: C:/Users/sdrum/CLionProjects/ramble/cmake-build-debug/CMakeFiles/CMakeTmp

Run Build Command:"nmake" "/nologo" "cmTC_ec94b\fast"
	"C:\Program Files (x86)\Microsoft Visual Studio\2017\Community\VC\Tools\MSVC\14.16.27023\bin\HostX86\x86\nmake.exe" -f CMakeFiles\cmTC_ec94b.dir\build.make /nologo -L                  CMakeFiles\cmTC_ec94b.dir\build
Building C object CMakeFiles/cmTC_ec94b.dir/CMakeCCompilerABI.c.obj
	C:\PROGRA~2\MICROS~2\2017\COMMUN~1\VC\Tools\MSVC\1416~1.270\bin\Hostx86\x86\cl.exe @C:\Users\sdrum\AppData\Local\Temp\nmF870.tmp
CMakeCCompilerABI.c
Linking C executable cmTC_ec94b.exe
	C:\Users\sdrum\AppData\Local\JetBrains\Toolbox\apps\CLion\ch-0\183.5429.37\bin\cmake\win\bin\cmake.exe -E vs_link_exe --intdir=CMakeFiles\cmTC_ec94b.dir --manifests  -- C:\PROGRA~2\MICROS~2\2017\COMMUN~1\VC\Tools\MSVC\1416~1.270\bin\Hostx86\x86\link.exe /nologo @CMakeFiles\cmTC_ec94b.dir\objects1.rsp @C:\Users\sdrum\AppData\Local\Temp\nmFA07.tmp




Detecting C [] compiler features compiled with the following output:
Change Dir: C:/Users/sdrum/CLionProjects/ramble/cmake-build-debug/CMakeFiles/CMakeTmp

Run Build Command:"nmake" "/nologo" "cmTC_5c0f6\fast"
	"C:\Program Files (x86)\Microsoft Visual Studio\2017\Community\VC\Tools\MSVC\14.16.27023\bin\HostX86\x86\nmake.exe" -f CMakeFiles\cmTC_5c0f6.dir\build.make /nologo -L                  CMakeFiles\cmTC_5c0f6.dir\build
Building C object CMakeFiles/cmTC_5c0f6.dir/feature_tests.c.obj
	C:\PROGRA~2\MICROS~2\2017\COMMUN~1\VC\Tools\MSVC\1416~1.270\bin\Hostx86\x86\cl.exe @C:\Users\sdrum\AppData\Local\Temp\nmFD90.tmp
feature_tests.c
Linking C executable cmTC_5c0f6.exe
	C:\Users\sdrum\AppData\Local\JetBrains\Toolbox\apps\CLion\ch-0\183.5429.37\bin\cmake\win\bin\cmake.exe -E vs_link_exe --intdir=CMakeFiles\cmTC_5c0f6.dir --manifests  -- C:\PROGRA~2\MICROS~2\2017\COMMUN~1\VC\Tools\MSVC\1416~1.270\bin\Hostx86\x86\link.exe /nologo @CMakeFiles\cmTC_5c0f6.dir\objects1.rsp @C:\Users\sdrum\AppData\Local\Temp\nmFDE0.tmp


    Feature record: C_FEATURE:1c_function_prototypes
    Feature record: C_FEATURE:1c_variadic_macros
